[2025-04-09 09:52:37,858: DEBUG/MainProcess] Setting default socket timeout to 30
[2025-04-09 09:52:37,859: INFO/MainProcess] beat: Starting...
[2025-04-09 09:52:38,253: DEBUG/MainProcess] Current schedule:
<ScheduleEntry: cleanup-old-tasks scraping.tasks.cleanup_old_tasks() <freq: 1.00 day>
<ScheduleEntry: check-user-agents scraping.tasks.check_user_agents() <freq: 5.00 minutes>
<ScheduleEntry: verify-celery-connection scraping.tasks.verify_celery_connection() <freq: 1.00 hour>
<ScheduleEntry: check-pending-tasks scraping.tasks.check_pending_tasks() <freq: 1.00 minute>
[2025-04-09 09:52:38,254: DEBUG/MainProcess] beat: Ticking with max interval->5.00 minutes
[2025-04-09 09:52:38,260: INFO/MainProcess] Scheduler: Sending due task check-pending-tasks (scraping.tasks.check_pending_tasks)
[2025-04-09 09:52:38,353: DEBUG/MainProcess] beat: Synchronizing schedule...
[2025-04-09 09:52:38,353: DEBUG/MainProcess] scraping.tasks.check_pending_tasks sent. id->fe2a0912-5d38-4a1c-bfac-4673b3a983d6
[2025-04-09 09:52:38,354: DEBUG/MainProcess] beat: Waking up in 59.89 seconds.
[2025-04-09 09:53:35,316: DEBUG/MainProcess] beat: Waking up in 2.93 seconds.
[2025-04-09 09:53:35,317: DEBUG/MainProcess] beat: Waking up in 2.93 seconds.
[2025-04-09 09:53:38,257: INFO/MainProcess] Scheduler: Sending due task check-pending-tasks (scraping.tasks.check_pending_tasks)
[2025-04-09 09:53:38,259: DEBUG/MainProcess] scraping.tasks.check_pending_tasks sent. id->dd6a7869-5df5-4955-ba6c-5bcde3ff45a7
[2025-04-09 09:53:38,259: DEBUG/MainProcess] beat: Waking up in 39.90 seconds.
[2025-04-09 09:54:15,225: DEBUG/MainProcess] beat: Waking up in 2.93 seconds.
[2025-04-09 09:54:18,165: INFO/MainProcess] Scheduler: Sending due task check-user-agents (scraping.tasks.check_user_agents)
[2025-04-09 09:54:18,168: DEBUG/MainProcess] scraping.tasks.check_user_agents sent. id->41321ade-e34b-4097-b384-47989d3a68a7
[2025-04-09 09:54:18,169: DEBUG/MainProcess] beat: Waking up in 20.08 seconds.
[2025-04-09 09:54:35,317: DEBUG/MainProcess] beat: Waking up in 2.93 seconds.
[2025-04-09 09:54:38,257: INFO/MainProcess] Scheduler: Sending due task check-pending-tasks (scraping.tasks.check_pending_tasks)
[2025-04-09 09:54:38,259: DEBUG/MainProcess] scraping.tasks.check_pending_tasks sent. id->a6f37fbd-c9a2-4a11-b064-b46f2b2b26bf
[2025-04-09 09:54:38,260: DEBUG/MainProcess] beat: Waking up in 59.99 seconds.
[2025-04-09 09:55:32,380: DEBUG/MainProcess] beat: Synchronizing schedule...
[2025-04-09 09:55:32,381: DEBUG/MainProcess] beat: Waking up in 5.87 seconds.
[2025-04-09 09:55:38,287: INFO/MainProcess] Scheduler: Sending due task check-pending-tasks (scraping.tasks.check_pending_tasks)
[2025-04-09 09:55:38,289: DEBUG/MainProcess] scraping.tasks.check_pending_tasks sent. id->d54d85ba-7c40-4649-8aa4-996dce2bbf06
[2025-04-09 09:55:38,290: DEBUG/MainProcess] beat: Waking up in 59.99 seconds.
[2025-04-09 09:56:32,438: DEBUG/MainProcess] beat: Waking up in 5.84 seconds.
[2025-04-09 09:56:38,337: INFO/MainProcess] Scheduler: Sending due task check-pending-tasks (scraping.tasks.check_pending_tasks)
[2025-04-09 09:56:38,339: DEBUG/MainProcess] scraping.tasks.check_pending_tasks sent. id->c0bf3844-6fe7-4fc8-bf96-fff602b2861d
[2025-04-09 09:56:38,340: DEBUG/MainProcess] beat: Waking up in 59.99 seconds.
[2025-04-09 09:57:32,473: DEBUG/MainProcess] beat: Waking up in 5.85 seconds.
[2025-04-09 09:57:38,337: INFO/MainProcess] Scheduler: Sending due task check-pending-tasks (scraping.tasks.check_pending_tasks)
[2025-04-09 09:57:38,339: DEBUG/MainProcess] scraping.tasks.check_pending_tasks sent. id->5c5fe602-d171-4dc3-a0ac-397e328ec550
[2025-04-09 09:57:38,340: DEBUG/MainProcess] beat: Waking up in 59.99 seconds.
[2025-04-09 09:58:32,398: DEBUG/MainProcess] beat: Synchronizing schedule...
[2025-04-09 09:58:32,400: DEBUG/MainProcess] beat: Waking up in 5.93 seconds.
[2025-04-09 09:58:38,337: INFO/MainProcess] Scheduler: Sending due task check-pending-tasks (scraping.tasks.check_pending_tasks)
[2025-04-09 09:58:38,340: DEBUG/MainProcess] scraping.tasks.check_pending_tasks sent. id->5e1fc235-1c98-4239-b045-be8315fa35cd
[2025-04-09 09:58:38,341: DEBUG/MainProcess] beat: Waking up in 39.74 seconds.
[2025-04-09 09:59:15,102: DEBUG/MainProcess] beat: Waking up in 2.98 seconds.
[2025-04-09 09:59:49,302: INFO/MainProcess] beat: Starting...
[2025-04-09 09:59:49,665: INFO/MainProcess] Scheduler: Sending due task check-user-agents (scraping.tasks.check_user_agents)
[2025-04-09 09:59:49,753: INFO/MainProcess] Scheduler: Sending due task verify-celery-connection (scraping.tasks.verify_celery_connection)
[2025-04-09 09:59:49,755: INFO/MainProcess] Scheduler: Sending due task check-pending-tasks (scraping.tasks.check_pending_tasks)
[2025-04-09 10:00:49,755: INFO/MainProcess] Scheduler: Sending due task check-pending-tasks (scraping.tasks.check_pending_tasks)
[2025-04-09 10:03:00,654: INFO/MainProcess] beat: Starting...
[2025-04-09 10:03:00,879: INFO/MainProcess] Scheduler: Sending due task check-user-agents (scraping.tasks.check_user_agents)
[2025-04-09 10:03:00,934: INFO/MainProcess] Scheduler: Sending due task verify-celery-connection (scraping.tasks.verify_celery_connection)
[2025-04-09 10:03:00,936: INFO/MainProcess] Scheduler: Sending due task check-pending-tasks (scraping.tasks.check_pending_tasks)
[2025-04-09 10:04:00,936: INFO/MainProcess] Scheduler: Sending due task check-pending-tasks (scraping.tasks.check_pending_tasks)
[2025-04-09 10:05:00,936: INFO/MainProcess] Scheduler: Sending due task check-pending-tasks (scraping.tasks.check_pending_tasks)
[2025-04-09 10:06:00,936: INFO/MainProcess] Scheduler: Sending due task check-pending-tasks (scraping.tasks.check_pending_tasks)
[2025-04-09 10:07:00,936: INFO/MainProcess] Scheduler: Sending due task check-pending-tasks (scraping.tasks.check_pending_tasks)
[2025-04-09 10:08:00,877: INFO/MainProcess] Scheduler: Sending due task check-user-agents (scraping.tasks.check_user_agents)
[2025-04-09 10:08:00,936: INFO/MainProcess] Scheduler: Sending due task check-pending-tasks (scraping.tasks.check_pending_tasks)
[2025-04-09 10:09:00,936: INFO/MainProcess] Scheduler: Sending due task check-pending-tasks (scraping.tasks.check_pending_tasks)
[2025-04-09 10:10:00,996: INFO/MainProcess] Scheduler: Sending due task check-pending-tasks (scraping.tasks.check_pending_tasks)
[2025-04-09 10:11:01,056: INFO/MainProcess] Scheduler: Sending due task check-pending-tasks (scraping.tasks.check_pending_tasks)
[2025-04-09 10:12:01,277: INFO/MainProcess] Scheduler: Sending due task check-pending-tasks (scraping.tasks.check_pending_tasks)
[2025-04-09 10:13:00,899: INFO/MainProcess] Scheduler: Sending due task check-user-agents (scraping.tasks.check_user_agents)
[2025-04-09 10:13:01,277: INFO/MainProcess] Scheduler: Sending due task check-pending-tasks (scraping.tasks.check_pending_tasks)
[2025-04-09 10:14:01,278: INFO/MainProcess] Scheduler: Sending due task check-pending-tasks (scraping.tasks.check_pending_tasks)
[2025-04-09 10:15:01,536: INFO/MainProcess] Scheduler: Sending due task check-pending-tasks (scraping.tasks.check_pending_tasks)
[2025-04-09 10:16:12,185: INFO/MainProcess] beat: Starting...
[2025-04-09 10:16:12,363: INFO/MainProcess] Scheduler: Sending due task check-pending-tasks (scraping.tasks.check_pending_tasks)
[2025-04-09 10:17:12,363: INFO/MainProcess] Scheduler: Sending due task check-pending-tasks (scraping.tasks.check_pending_tasks)
[2025-04-09 10:19:29,966: INFO/MainProcess] beat: Starting...
[2025-04-09 10:19:30,327: INFO/MainProcess] Scheduler: Sending due task check-user-agents (scraping.tasks.check_user_agents)
[2025-04-09 10:19:30,382: INFO/MainProcess] Scheduler: Sending due task check-pending-tasks (scraping.tasks.check_pending_tasks)
[2025-04-09 10:20:30,382: INFO/MainProcess] Scheduler: Sending due task check-pending-tasks (scraping.tasks.check_pending_tasks)
[2025-04-09 10:21:30,382: INFO/MainProcess] Scheduler: Sending due task check-pending-tasks (scraping.tasks.check_pending_tasks)
[2025-04-09 10:22:30,615: INFO/MainProcess] Scheduler: Sending due task check-pending-tasks (scraping.tasks.check_pending_tasks)
[2025-04-09 10:23:30,624: INFO/MainProcess] Scheduler: Sending due task check-pending-tasks (scraping.tasks.check_pending_tasks)
[2025-04-09 10:24:30,324: INFO/MainProcess] Scheduler: Sending due task check-user-agents (scraping.tasks.check_user_agents)
[2025-04-09 10:24:30,624: INFO/MainProcess] Scheduler: Sending due task check-pending-tasks (scraping.tasks.check_pending_tasks)
[2025-04-09 10:25:30,624: INFO/MainProcess] Scheduler: Sending due task check-pending-tasks (scraping.tasks.check_pending_tasks)
[2025-04-09 10:26:30,624: INFO/MainProcess] Scheduler: Sending due task check-pending-tasks (scraping.tasks.check_pending_tasks)
[2025-04-09 10:27:30,624: INFO/MainProcess] Scheduler: Sending due task check-pending-tasks (scraping.tasks.check_pending_tasks)
[2025-04-09 10:28:30,624: INFO/MainProcess] Scheduler: Sending due task check-pending-tasks (scraping.tasks.check_pending_tasks)
[2025-04-09 10:29:30,324: INFO/MainProcess] Scheduler: Sending due task check-user-agents (scraping.tasks.check_user_agents)
[2025-04-09 10:29:30,624: INFO/MainProcess] Scheduler: Sending due task check-pending-tasks (scraping.tasks.check_pending_tasks)
[2025-04-09 10:30:30,624: INFO/MainProcess] Scheduler: Sending due task check-pending-tasks (scraping.tasks.check_pending_tasks)
[2025-04-09 10:31:30,624: INFO/MainProcess] Scheduler: Sending due task check-pending-tasks (scraping.tasks.check_pending_tasks)
[2025-04-09 10:32:30,624: INFO/MainProcess] Scheduler: Sending due task check-pending-tasks (scraping.tasks.check_pending_tasks)
[2025-04-09 10:33:30,624: INFO/MainProcess] Scheduler: Sending due task check-pending-tasks (scraping.tasks.check_pending_tasks)
[2025-04-09 10:34:30,324: INFO/MainProcess] Scheduler: Sending due task check-user-agents (scraping.tasks.check_user_agents)
[2025-04-09 10:34:30,625: INFO/MainProcess] Scheduler: Sending due task check-pending-tasks (scraping.tasks.check_pending_tasks)
[2025-04-09 10:35:30,625: INFO/MainProcess] Scheduler: Sending due task check-pending-tasks (scraping.tasks.check_pending_tasks)
[2025-04-09 10:36:30,625: INFO/MainProcess] Scheduler: Sending due task check-pending-tasks (scraping.tasks.check_pending_tasks)
[2025-04-09 10:37:30,625: INFO/MainProcess] Scheduler: Sending due task check-pending-tasks (scraping.tasks.check_pending_tasks)
[2025-04-09 10:38:30,625: INFO/MainProcess] Scheduler: Sending due task check-pending-tasks (scraping.tasks.check_pending_tasks)
[2025-04-09 10:39:30,324: INFO/MainProcess] Scheduler: Sending due task check-user-agents (scraping.tasks.check_user_agents)
[2025-04-09 10:39:30,625: INFO/MainProcess] Scheduler: Sending due task check-pending-tasks (scraping.tasks.check_pending_tasks)
[2025-04-09 10:40:30,645: INFO/MainProcess] Scheduler: Sending due task check-pending-tasks (scraping.tasks.check_pending_tasks)
[2025-04-09 10:41:30,645: INFO/MainProcess] Scheduler: Sending due task check-pending-tasks (scraping.tasks.check_pending_tasks)
[2025-04-09 10:42:30,645: INFO/MainProcess] Scheduler: Sending due task check-pending-tasks (scraping.tasks.check_pending_tasks)
[2025-04-09 10:43:30,645: INFO/MainProcess] Scheduler: Sending due task check-pending-tasks (scraping.tasks.check_pending_tasks)
[2025-04-09 10:44:30,324: INFO/MainProcess] Scheduler: Sending due task check-user-agents (scraping.tasks.check_user_agents)
[2025-04-09 10:44:30,645: INFO/MainProcess] Scheduler: Sending due task check-pending-tasks (scraping.tasks.check_pending_tasks)
[2025-04-09 10:45:30,645: INFO/MainProcess] Scheduler: Sending due task check-pending-tasks (scraping.tasks.check_pending_tasks)
[2025-04-09 10:46:30,645: INFO/MainProcess] Scheduler: Sending due task check-pending-tasks (scraping.tasks.check_pending_tasks)
[2025-04-09 10:47:30,645: INFO/MainProcess] Scheduler: Sending due task check-pending-tasks (scraping.tasks.check_pending_tasks)
[2025-04-09 10:48:30,645: INFO/MainProcess] Scheduler: Sending due task check-pending-tasks (scraping.tasks.check_pending_tasks)
[2025-04-09 10:49:30,324: INFO/MainProcess] Scheduler: Sending due task check-user-agents (scraping.tasks.check_user_agents)
[2025-04-09 10:49:30,645: INFO/MainProcess] Scheduler: Sending due task check-pending-tasks (scraping.tasks.check_pending_tasks)
[2025-04-09 10:50:30,645: INFO/MainProcess] Scheduler: Sending due task check-pending-tasks (scraping.tasks.check_pending_tasks)
[2025-04-09 10:51:30,645: INFO/MainProcess] Scheduler: Sending due task check-pending-tasks (scraping.tasks.check_pending_tasks)
[2025-04-09 10:52:30,645: INFO/MainProcess] Scheduler: Sending due task check-pending-tasks (scraping.tasks.check_pending_tasks)
[2025-04-09 10:53:30,646: INFO/MainProcess] Scheduler: Sending due task check-pending-tasks (scraping.tasks.check_pending_tasks)
[2025-04-09 10:54:30,334: INFO/MainProcess] Scheduler: Sending due task check-user-agents (scraping.tasks.check_user_agents)
[2025-04-09 10:54:30,646: INFO/MainProcess] Scheduler: Sending due task check-pending-tasks (scraping.tasks.check_pending_tasks)
[2025-04-09 10:55:30,646: INFO/MainProcess] Scheduler: Sending due task check-pending-tasks (scraping.tasks.check_pending_tasks)
[2025-04-09 10:56:30,646: INFO/MainProcess] Scheduler: Sending due task check-pending-tasks (scraping.tasks.check_pending_tasks)
[2025-04-09 10:57:30,646: INFO/MainProcess] Scheduler: Sending due task check-pending-tasks (scraping.tasks.check_pending_tasks)
[2025-04-09 10:58:30,646: INFO/MainProcess] Scheduler: Sending due task check-pending-tasks (scraping.tasks.check_pending_tasks)
[2025-04-09 10:59:30,334: INFO/MainProcess] Scheduler: Sending due task check-user-agents (scraping.tasks.check_user_agents)
[2025-04-09 10:59:30,646: INFO/MainProcess] Scheduler: Sending due task check-pending-tasks (scraping.tasks.check_pending_tasks)
[2025-04-09 11:00:30,646: INFO/MainProcess] Scheduler: Sending due task check-pending-tasks (scraping.tasks.check_pending_tasks)
[2025-04-09 11:01:30,646: INFO/MainProcess] Scheduler: Sending due task check-pending-tasks (scraping.tasks.check_pending_tasks)
[2025-04-09 11:02:30,646: INFO/MainProcess] Scheduler: Sending due task check-pending-tasks (scraping.tasks.check_pending_tasks)
[2025-04-09 11:03:00,934: INFO/MainProcess] Scheduler: Sending due task verify-celery-connection (scraping.tasks.verify_celery_connection)
[2025-04-09 11:03:30,646: INFO/MainProcess] Scheduler: Sending due task check-pending-tasks (scraping.tasks.check_pending_tasks)
[2025-04-09 11:04:30,334: INFO/MainProcess] Scheduler: Sending due task check-user-agents (scraping.tasks.check_user_agents)
[2025-04-09 11:04:30,646: INFO/MainProcess] Scheduler: Sending due task check-pending-tasks (scraping.tasks.check_pending_tasks)
[2025-04-09 11:05:30,646: INFO/MainProcess] Scheduler: Sending due task check-pending-tasks (scraping.tasks.check_pending_tasks)
[2025-04-09 11:06:30,659: INFO/MainProcess] Scheduler: Sending due task check-pending-tasks (scraping.tasks.check_pending_tasks)
[2025-04-09 11:07:30,686: INFO/MainProcess] Scheduler: Sending due task check-pending-tasks (scraping.tasks.check_pending_tasks)
[2025-04-09 11:08:30,758: INFO/MainProcess] Scheduler: Sending due task check-pending-tasks (scraping.tasks.check_pending_tasks)
[2025-04-09 11:09:30,334: INFO/MainProcess] Scheduler: Sending due task check-user-agents (scraping.tasks.check_user_agents)
[2025-04-09 11:09:30,758: INFO/MainProcess] Scheduler: Sending due task check-pending-tasks (scraping.tasks.check_pending_tasks)
[2025-04-09 11:10:30,759: INFO/MainProcess] Scheduler: Sending due task check-pending-tasks (scraping.tasks.check_pending_tasks)
[2025-04-09 11:11:30,759: INFO/MainProcess] Scheduler: Sending due task check-pending-tasks (scraping.tasks.check_pending_tasks)
[2025-04-09 11:12:30,759: INFO/MainProcess] Scheduler: Sending due task check-pending-tasks (scraping.tasks.check_pending_tasks)
[2025-04-09 11:13:30,759: INFO/MainProcess] Scheduler: Sending due task check-pending-tasks (scraping.tasks.check_pending_tasks)
[2025-04-09 11:14:30,334: INFO/MainProcess] Scheduler: Sending due task check-user-agents (scraping.tasks.check_user_agents)
[2025-04-09 11:14:30,759: INFO/MainProcess] Scheduler: Sending due task check-pending-tasks (scraping.tasks.check_pending_tasks)
[2025-04-09 11:15:30,759: INFO/MainProcess] Scheduler: Sending due task check-pending-tasks (scraping.tasks.check_pending_tasks)
[2025-04-09 11:16:30,759: INFO/MainProcess] Scheduler: Sending due task check-pending-tasks (scraping.tasks.check_pending_tasks)
[2025-04-09 11:17:30,759: INFO/MainProcess] Scheduler: Sending due task check-pending-tasks (scraping.tasks.check_pending_tasks)
[2025-04-09 11:18:30,759: INFO/MainProcess] Scheduler: Sending due task check-pending-tasks (scraping.tasks.check_pending_tasks)
[2025-04-09 11:19:30,334: INFO/MainProcess] Scheduler: Sending due task check-user-agents (scraping.tasks.check_user_agents)
[2025-04-09 11:19:30,759: INFO/MainProcess] Scheduler: Sending due task check-pending-tasks (scraping.tasks.check_pending_tasks)
[2025-04-09 11:20:30,759: INFO/MainProcess] Scheduler: Sending due task check-pending-tasks (scraping.tasks.check_pending_tasks)
[2025-04-09 11:21:30,759: INFO/MainProcess] Scheduler: Sending due task check-pending-tasks (scraping.tasks.check_pending_tasks)
[2025-04-09 11:22:30,759: INFO/MainProcess] Scheduler: Sending due task check-pending-tasks (scraping.tasks.check_pending_tasks)
[2025-04-09 11:23:30,759: INFO/MainProcess] Scheduler: Sending due task check-pending-tasks (scraping.tasks.check_pending_tasks)
[2025-04-09 11:24:30,334: INFO/MainProcess] Scheduler: Sending due task check-user-agents (scraping.tasks.check_user_agents)
[2025-04-09 11:24:30,759: INFO/MainProcess] Scheduler: Sending due task check-pending-tasks (scraping.tasks.check_pending_tasks)
[2025-04-09 11:25:30,759: INFO/MainProcess] Scheduler: Sending due task check-pending-tasks (scraping.tasks.check_pending_tasks)
[2025-04-09 11:26:30,759: INFO/MainProcess] Scheduler: Sending due task check-pending-tasks (scraping.tasks.check_pending_tasks)
[2025-04-09 11:27:30,759: INFO/MainProcess] Scheduler: Sending due task check-pending-tasks (scraping.tasks.check_pending_tasks)
[2025-04-09 11:28:30,759: INFO/MainProcess] Scheduler: Sending due task check-pending-tasks (scraping.tasks.check_pending_tasks)
[2025-04-09 11:29:30,334: INFO/MainProcess] Scheduler: Sending due task check-user-agents (scraping.tasks.check_user_agents)
[2025-04-09 11:29:30,759: INFO/MainProcess] Scheduler: Sending due task check-pending-tasks (scraping.tasks.check_pending_tasks)
[2025-04-09 11:30:30,759: INFO/MainProcess] Scheduler: Sending due task check-pending-tasks (scraping.tasks.check_pending_tasks)
[2025-04-09 11:31:30,759: INFO/MainProcess] Scheduler: Sending due task check-pending-tasks (scraping.tasks.check_pending_tasks)
[2025-04-09 11:32:30,760: INFO/MainProcess] Scheduler: Sending due task check-pending-tasks (scraping.tasks.check_pending_tasks)
[2025-04-09 11:33:30,760: INFO/MainProcess] Scheduler: Sending due task check-pending-tasks (scraping.tasks.check_pending_tasks)
[2025-04-09 11:34:30,334: INFO/MainProcess] Scheduler: Sending due task check-user-agents (scraping.tasks.check_user_agents)
[2025-04-09 11:34:30,760: INFO/MainProcess] Scheduler: Sending due task check-pending-tasks (scraping.tasks.check_pending_tasks)
[2025-04-09 11:35:30,760: INFO/MainProcess] Scheduler: Sending due task check-pending-tasks (scraping.tasks.check_pending_tasks)
[2025-04-09 11:36:30,760: INFO/MainProcess] Scheduler: Sending due task check-pending-tasks (scraping.tasks.check_pending_tasks)
[2025-04-09 11:37:30,760: INFO/MainProcess] Scheduler: Sending due task check-pending-tasks (scraping.tasks.check_pending_tasks)
[2025-04-09 11:38:30,760: INFO/MainProcess] Scheduler: Sending due task check-pending-tasks (scraping.tasks.check_pending_tasks)
[2025-04-09 11:39:30,334: INFO/MainProcess] Scheduler: Sending due task check-user-agents (scraping.tasks.check_user_agents)
[2025-04-09 11:39:30,760: INFO/MainProcess] Scheduler: Sending due task check-pending-tasks (scraping.tasks.check_pending_tasks)
[2025-04-09 11:40:30,760: INFO/MainProcess] Scheduler: Sending due task check-pending-tasks (scraping.tasks.check_pending_tasks)
[2025-04-09 11:41:30,760: INFO/MainProcess] Scheduler: Sending due task check-pending-tasks (scraping.tasks.check_pending_tasks)
[2025-04-09 11:42:30,760: INFO/MainProcess] Scheduler: Sending due task check-pending-tasks (scraping.tasks.check_pending_tasks)
[2025-04-09 11:43:30,760: INFO/MainProcess] Scheduler: Sending due task check-pending-tasks (scraping.tasks.check_pending_tasks)
[2025-04-09 11:44:30,334: INFO/MainProcess] Scheduler: Sending due task check-user-agents (scraping.tasks.check_user_agents)
[2025-04-09 11:44:30,760: INFO/MainProcess] Scheduler: Sending due task check-pending-tasks (scraping.tasks.check_pending_tasks)
[2025-04-09 11:45:30,760: INFO/MainProcess] Scheduler: Sending due task check-pending-tasks (scraping.tasks.check_pending_tasks)
[2025-04-09 11:46:30,760: INFO/MainProcess] Scheduler: Sending due task check-pending-tasks (scraping.tasks.check_pending_tasks)
[2025-04-09 11:47:30,760: INFO/MainProcess] Scheduler: Sending due task check-pending-tasks (scraping.tasks.check_pending_tasks)
[2025-04-09 11:48:30,760: INFO/MainProcess] Scheduler: Sending due task check-pending-tasks (scraping.tasks.check_pending_tasks)
[2025-04-09 11:49:30,334: INFO/MainProcess] Scheduler: Sending due task check-user-agents (scraping.tasks.check_user_agents)
[2025-04-09 11:49:30,760: INFO/MainProcess] Scheduler: Sending due task check-pending-tasks (scraping.tasks.check_pending_tasks)
[2025-04-09 11:50:30,760: INFO/MainProcess] Scheduler: Sending due task check-pending-tasks (scraping.tasks.check_pending_tasks)
[2025-04-09 11:51:30,760: INFO/MainProcess] Scheduler: Sending due task check-pending-tasks (scraping.tasks.check_pending_tasks)
[2025-04-09 11:52:30,760: INFO/MainProcess] Scheduler: Sending due task check-pending-tasks (scraping.tasks.check_pending_tasks)
[2025-04-09 11:53:30,760: INFO/MainProcess] Scheduler: Sending due task check-pending-tasks (scraping.tasks.check_pending_tasks)
[2025-04-09 11:54:30,334: INFO/MainProcess] Scheduler: Sending due task check-user-agents (scraping.tasks.check_user_agents)
[2025-04-09 11:54:30,760: INFO/MainProcess] Scheduler: Sending due task check-pending-tasks (scraping.tasks.check_pending_tasks)
[2025-04-09 11:55:30,764: INFO/MainProcess] Scheduler: Sending due task check-pending-tasks (scraping.tasks.check_pending_tasks)
[2025-04-09 11:56:30,764: INFO/MainProcess] Scheduler: Sending due task check-pending-tasks (scraping.tasks.check_pending_tasks)
[2025-04-09 11:57:30,764: INFO/MainProcess] Scheduler: Sending due task check-pending-tasks (scraping.tasks.check_pending_tasks)
[2025-04-09 11:58:30,764: INFO/MainProcess] Scheduler: Sending due task check-pending-tasks (scraping.tasks.check_pending_tasks)
[2025-04-09 11:59:30,335: INFO/MainProcess] Scheduler: Sending due task check-user-agents (scraping.tasks.check_user_agents)
[2025-04-09 11:59:30,764: INFO/MainProcess] Scheduler: Sending due task check-pending-tasks (scraping.tasks.check_pending_tasks)
[2025-04-09 12:00:30,764: INFO/MainProcess] Scheduler: Sending due task check-pending-tasks (scraping.tasks.check_pending_tasks)
[2025-04-09 12:01:30,764: INFO/MainProcess] Scheduler: Sending due task check-pending-tasks (scraping.tasks.check_pending_tasks)
[2025-04-09 12:02:30,764: INFO/MainProcess] Scheduler: Sending due task check-pending-tasks (scraping.tasks.check_pending_tasks)
[2025-04-09 12:03:00,934: INFO/MainProcess] Scheduler: Sending due task verify-celery-connection (scraping.tasks.verify_celery_connection)
[2025-04-09 12:03:30,784: INFO/MainProcess] Scheduler: Sending due task check-pending-tasks (scraping.tasks.check_pending_tasks)
[2025-04-09 12:04:30,335: INFO/MainProcess] Scheduler: Sending due task check-user-agents (scraping.tasks.check_user_agents)
[2025-04-09 12:04:30,784: INFO/MainProcess] Scheduler: Sending due task check-pending-tasks (scraping.tasks.check_pending_tasks)
[2025-04-09 12:05:30,815: INFO/MainProcess] Scheduler: Sending due task check-pending-tasks (scraping.tasks.check_pending_tasks)
[2025-04-09 12:06:30,828: INFO/MainProcess] Scheduler: Sending due task check-pending-tasks (scraping.tasks.check_pending_tasks)
[2025-04-09 12:07:30,857: INFO/MainProcess] Scheduler: Sending due task check-pending-tasks (scraping.tasks.check_pending_tasks)
[2025-04-09 12:08:30,857: INFO/MainProcess] Scheduler: Sending due task check-pending-tasks (scraping.tasks.check_pending_tasks)
[2025-04-09 12:09:30,335: INFO/MainProcess] Scheduler: Sending due task check-user-agents (scraping.tasks.check_user_agents)
[2025-04-09 12:09:30,857: INFO/MainProcess] Scheduler: Sending due task check-pending-tasks (scraping.tasks.check_pending_tasks)
[2025-04-09 12:10:30,857: INFO/MainProcess] Scheduler: Sending due task check-pending-tasks (scraping.tasks.check_pending_tasks)
[2025-04-09 12:11:30,863: INFO/MainProcess] Scheduler: Sending due task check-pending-tasks (scraping.tasks.check_pending_tasks)
[2025-04-09 12:12:30,871: INFO/MainProcess] Scheduler: Sending due task check-pending-tasks (scraping.tasks.check_pending_tasks)
[2025-04-09 12:13:30,871: INFO/MainProcess] Scheduler: Sending due task check-pending-tasks (scraping.tasks.check_pending_tasks)
[2025-04-09 12:14:30,335: INFO/MainProcess] Scheduler: Sending due task check-user-agents (scraping.tasks.check_user_agents)
[2025-04-09 12:14:30,872: INFO/MainProcess] Scheduler: Sending due task check-pending-tasks (scraping.tasks.check_pending_tasks)
[2025-04-09 12:15:30,872: INFO/MainProcess] Scheduler: Sending due task check-pending-tasks (scraping.tasks.check_pending_tasks)
[2025-04-09 12:16:30,872: INFO/MainProcess] Scheduler: Sending due task check-pending-tasks (scraping.tasks.check_pending_tasks)
[2025-04-09 12:17:30,872: INFO/MainProcess] Scheduler: Sending due task check-pending-tasks (scraping.tasks.check_pending_tasks)
[2025-04-09 12:18:30,877: INFO/MainProcess] Scheduler: Sending due task check-pending-tasks (scraping.tasks.check_pending_tasks)
[2025-04-09 12:19:30,335: INFO/MainProcess] Scheduler: Sending due task check-user-agents (scraping.tasks.check_user_agents)
[2025-04-09 12:19:30,895: INFO/MainProcess] Scheduler: Sending due task check-pending-tasks (scraping.tasks.check_pending_tasks)
[2025-04-09 12:20:30,895: INFO/MainProcess] Scheduler: Sending due task check-pending-tasks (scraping.tasks.check_pending_tasks)
[2025-04-09 12:21:30,895: INFO/MainProcess] Scheduler: Sending due task check-pending-tasks (scraping.tasks.check_pending_tasks)
[2025-04-09 12:22:30,895: INFO/MainProcess] Scheduler: Sending due task check-pending-tasks (scraping.tasks.check_pending_tasks)
[2025-04-09 12:23:30,895: INFO/MainProcess] Scheduler: Sending due task check-pending-tasks (scraping.tasks.check_pending_tasks)
[2025-04-09 12:24:30,335: INFO/MainProcess] Scheduler: Sending due task check-user-agents (scraping.tasks.check_user_agents)
[2025-04-09 12:24:30,895: INFO/MainProcess] Scheduler: Sending due task check-pending-tasks (scraping.tasks.check_pending_tasks)
[2025-04-09 12:25:30,895: INFO/MainProcess] Scheduler: Sending due task check-pending-tasks (scraping.tasks.check_pending_tasks)
[2025-04-09 12:26:30,906: INFO/MainProcess] Scheduler: Sending due task check-pending-tasks (scraping.tasks.check_pending_tasks)
[2025-04-09 12:27:30,906: INFO/MainProcess] Scheduler: Sending due task check-pending-tasks (scraping.tasks.check_pending_tasks)
[2025-04-09 12:28:30,906: INFO/MainProcess] Scheduler: Sending due task check-pending-tasks (scraping.tasks.check_pending_tasks)
[2025-04-09 12:29:30,335: INFO/MainProcess] Scheduler: Sending due task check-user-agents (scraping.tasks.check_user_agents)
[2025-04-09 12:29:30,906: INFO/MainProcess] Scheduler: Sending due task check-pending-tasks (scraping.tasks.check_pending_tasks)
[2025-04-09 12:30:30,930: INFO/MainProcess] Scheduler: Sending due task check-pending-tasks (scraping.tasks.check_pending_tasks)
[2025-04-09 12:31:30,930: INFO/MainProcess] Scheduler: Sending due task check-pending-tasks (scraping.tasks.check_pending_tasks)
[2025-04-09 12:32:30,930: INFO/MainProcess] Scheduler: Sending due task check-pending-tasks (scraping.tasks.check_pending_tasks)
[2025-04-09 12:33:30,930: INFO/MainProcess] Scheduler: Sending due task check-pending-tasks (scraping.tasks.check_pending_tasks)
[2025-04-09 12:34:30,335: INFO/MainProcess] Scheduler: Sending due task check-user-agents (scraping.tasks.check_user_agents)
[2025-04-09 12:34:30,952: INFO/MainProcess] Scheduler: Sending due task check-pending-tasks (scraping.tasks.check_pending_tasks)
[2025-04-09 12:35:30,952: INFO/MainProcess] Scheduler: Sending due task check-pending-tasks (scraping.tasks.check_pending_tasks)
[2025-04-09 12:36:30,984: INFO/MainProcess] Scheduler: Sending due task check-pending-tasks (scraping.tasks.check_pending_tasks)
[2025-04-09 12:37:30,984: INFO/MainProcess] Scheduler: Sending due task check-pending-tasks (scraping.tasks.check_pending_tasks)
[2025-04-09 12:38:30,984: INFO/MainProcess] Scheduler: Sending due task check-pending-tasks (scraping.tasks.check_pending_tasks)
[2025-04-09 12:39:30,335: INFO/MainProcess] Scheduler: Sending due task check-user-agents (scraping.tasks.check_user_agents)
[2025-04-09 12:39:30,984: INFO/MainProcess] Scheduler: Sending due task check-pending-tasks (scraping.tasks.check_pending_tasks)
[2025-04-09 12:40:30,984: INFO/MainProcess] Scheduler: Sending due task check-pending-tasks (scraping.tasks.check_pending_tasks)
[2025-04-09 12:41:30,984: INFO/MainProcess] Scheduler: Sending due task check-pending-tasks (scraping.tasks.check_pending_tasks)
[2025-04-09 12:42:31,225: INFO/MainProcess] Scheduler: Sending due task check-pending-tasks (scraping.tasks.check_pending_tasks)
[2025-04-09 12:43:31,381: INFO/MainProcess] Scheduler: Sending due task check-pending-tasks (scraping.tasks.check_pending_tasks)
[2025-04-09 12:44:30,335: INFO/MainProcess] Scheduler: Sending due task check-user-agents (scraping.tasks.check_user_agents)
[2025-04-09 12:44:31,381: INFO/MainProcess] Scheduler: Sending due task check-pending-tasks (scraping.tasks.check_pending_tasks)
[2025-04-09 12:45:31,381: INFO/MainProcess] Scheduler: Sending due task check-pending-tasks (scraping.tasks.check_pending_tasks)
[2025-04-09 12:46:31,381: INFO/MainProcess] Scheduler: Sending due task check-pending-tasks (scraping.tasks.check_pending_tasks)
[2025-04-09 12:47:31,381: INFO/MainProcess] Scheduler: Sending due task check-pending-tasks (scraping.tasks.check_pending_tasks)
[2025-04-09 12:48:31,381: INFO/MainProcess] Scheduler: Sending due task check-pending-tasks (scraping.tasks.check_pending_tasks)
[2025-04-09 12:49:30,411: INFO/MainProcess] Scheduler: Sending due task check-user-agents (scraping.tasks.check_user_agents)
[2025-04-09 12:49:31,381: INFO/MainProcess] Scheduler: Sending due task check-pending-tasks (scraping.tasks.check_pending_tasks)
[2025-04-09 12:50:31,381: INFO/MainProcess] Scheduler: Sending due task check-pending-tasks (scraping.tasks.check_pending_tasks)
[2025-04-09 12:51:31,381: INFO/MainProcess] Scheduler: Sending due task check-pending-tasks (scraping.tasks.check_pending_tasks)
[2025-04-09 12:52:31,381: INFO/MainProcess] Scheduler: Sending due task check-pending-tasks (scraping.tasks.check_pending_tasks)
[2025-04-09 12:53:31,381: INFO/MainProcess] Scheduler: Sending due task check-pending-tasks (scraping.tasks.check_pending_tasks)
[2025-04-09 12:54:30,411: INFO/MainProcess] Scheduler: Sending due task check-user-agents (scraping.tasks.check_user_agents)
[2025-04-09 12:54:31,381: INFO/MainProcess] Scheduler: Sending due task check-pending-tasks (scraping.tasks.check_pending_tasks)
[2025-04-09 12:55:31,381: INFO/MainProcess] Scheduler: Sending due task check-pending-tasks (scraping.tasks.check_pending_tasks)
[2025-04-09 12:56:31,381: INFO/MainProcess] Scheduler: Sending due task check-pending-tasks (scraping.tasks.check_pending_tasks)
[2025-04-09 12:57:31,381: INFO/MainProcess] Scheduler: Sending due task check-pending-tasks (scraping.tasks.check_pending_tasks)
[2025-04-09 12:58:31,381: INFO/MainProcess] Scheduler: Sending due task check-pending-tasks (scraping.tasks.check_pending_tasks)
[2025-04-09 12:59:30,411: INFO/MainProcess] Scheduler: Sending due task check-user-agents (scraping.tasks.check_user_agents)
[2025-04-09 12:59:31,382: INFO/MainProcess] Scheduler: Sending due task check-pending-tasks (scraping.tasks.check_pending_tasks)
[2025-04-09 13:00:31,382: INFO/MainProcess] Scheduler: Sending due task check-pending-tasks (scraping.tasks.check_pending_tasks)
[2025-04-09 13:01:31,382: INFO/MainProcess] Scheduler: Sending due task check-pending-tasks (scraping.tasks.check_pending_tasks)
[2025-04-09 13:02:31,382: INFO/MainProcess] Scheduler: Sending due task check-pending-tasks (scraping.tasks.check_pending_tasks)
[2025-04-09 13:03:00,934: INFO/MainProcess] Scheduler: Sending due task verify-celery-connection (scraping.tasks.verify_celery_connection)
[2025-04-09 13:03:31,382: INFO/MainProcess] Scheduler: Sending due task check-pending-tasks (scraping.tasks.check_pending_tasks)
[2025-04-09 13:04:30,411: INFO/MainProcess] Scheduler: Sending due task check-user-agents (scraping.tasks.check_user_agents)
[2025-04-09 13:04:31,382: INFO/MainProcess] Scheduler: Sending due task check-pending-tasks (scraping.tasks.check_pending_tasks)
[2025-04-09 13:05:31,382: INFO/MainProcess] Scheduler: Sending due task check-pending-tasks (scraping.tasks.check_pending_tasks)
[2025-04-09 13:06:31,382: INFO/MainProcess] Scheduler: Sending due task check-pending-tasks (scraping.tasks.check_pending_tasks)
[2025-04-09 13:07:31,382: INFO/MainProcess] Scheduler: Sending due task check-pending-tasks (scraping.tasks.check_pending_tasks)
[2025-04-09 13:08:31,382: INFO/MainProcess] Scheduler: Sending due task check-pending-tasks (scraping.tasks.check_pending_tasks)
[2025-04-09 13:09:30,411: INFO/MainProcess] Scheduler: Sending due task check-user-agents (scraping.tasks.check_user_agents)
[2025-04-09 13:09:31,382: INFO/MainProcess] Scheduler: Sending due task check-pending-tasks (scraping.tasks.check_pending_tasks)
[2025-04-09 13:10:31,382: INFO/MainProcess] Scheduler: Sending due task check-pending-tasks (scraping.tasks.check_pending_tasks)
[2025-04-09 13:11:31,382: INFO/MainProcess] Scheduler: Sending due task check-pending-tasks (scraping.tasks.check_pending_tasks)
[2025-04-09 13:12:31,382: INFO/MainProcess] Scheduler: Sending due task check-pending-tasks (scraping.tasks.check_pending_tasks)
[2025-04-09 13:13:31,382: INFO/MainProcess] Scheduler: Sending due task check-pending-tasks (scraping.tasks.check_pending_tasks)
[2025-04-09 13:14:30,411: INFO/MainProcess] Scheduler: Sending due task check-user-agents (scraping.tasks.check_user_agents)
[2025-04-09 13:14:31,382: INFO/MainProcess] Scheduler: Sending due task check-pending-tasks (scraping.tasks.check_pending_tasks)
[2025-04-09 13:15:31,382: INFO/MainProcess] Scheduler: Sending due task check-pending-tasks (scraping.tasks.check_pending_tasks)
[2025-04-09 13:16:31,382: INFO/MainProcess] Scheduler: Sending due task check-pending-tasks (scraping.tasks.check_pending_tasks)
[2025-04-09 13:17:31,382: INFO/MainProcess] Scheduler: Sending due task check-pending-tasks (scraping.tasks.check_pending_tasks)
[2025-04-09 13:18:31,382: INFO/MainProcess] Scheduler: Sending due task check-pending-tasks (scraping.tasks.check_pending_tasks)
[2025-04-09 13:19:30,411: INFO/MainProcess] Scheduler: Sending due task check-user-agents (scraping.tasks.check_user_agents)
[2025-04-09 13:19:31,382: INFO/MainProcess] Scheduler: Sending due task check-pending-tasks (scraping.tasks.check_pending_tasks)
[2025-04-09 13:20:31,382: INFO/MainProcess] Scheduler: Sending due task check-pending-tasks (scraping.tasks.check_pending_tasks)
[2025-04-09 13:21:31,382: INFO/MainProcess] Scheduler: Sending due task check-pending-tasks (scraping.tasks.check_pending_tasks)
[2025-04-09 13:22:31,382: INFO/MainProcess] Scheduler: Sending due task check-pending-tasks (scraping.tasks.check_pending_tasks)
[2025-04-09 13:23:31,382: INFO/MainProcess] Scheduler: Sending due task check-pending-tasks (scraping.tasks.check_pending_tasks)
[2025-04-09 13:24:30,411: INFO/MainProcess] Scheduler: Sending due task check-user-agents (scraping.tasks.check_user_agents)
[2025-04-09 13:24:31,382: INFO/MainProcess] Scheduler: Sending due task check-pending-tasks (scraping.tasks.check_pending_tasks)
[2025-04-09 13:25:31,382: INFO/MainProcess] Scheduler: Sending due task check-pending-tasks (scraping.tasks.check_pending_tasks)
[2025-04-09 13:26:31,383: INFO/MainProcess] Scheduler: Sending due task check-pending-tasks (scraping.tasks.check_pending_tasks)
[2025-04-09 13:27:31,383: INFO/MainProcess] Scheduler: Sending due task check-pending-tasks (scraping.tasks.check_pending_tasks)
[2025-04-09 13:28:31,383: INFO/MainProcess] Scheduler: Sending due task check-pending-tasks (scraping.tasks.check_pending_tasks)
[2025-04-09 13:29:30,411: INFO/MainProcess] Scheduler: Sending due task check-user-agents (scraping.tasks.check_user_agents)
[2025-04-09 13:29:31,383: INFO/MainProcess] Scheduler: Sending due task check-pending-tasks (scraping.tasks.check_pending_tasks)
[2025-04-09 13:30:31,383: INFO/MainProcess] Scheduler: Sending due task check-pending-tasks (scraping.tasks.check_pending_tasks)
[2025-04-09 13:31:31,383: INFO/MainProcess] Scheduler: Sending due task check-pending-tasks (scraping.tasks.check_pending_tasks)
[2025-04-09 13:32:31,383: INFO/MainProcess] Scheduler: Sending due task check-pending-tasks (scraping.tasks.check_pending_tasks)
[2025-04-09 13:33:31,383: INFO/MainProcess] Scheduler: Sending due task check-pending-tasks (scraping.tasks.check_pending_tasks)
[2025-04-09 13:34:30,411: INFO/MainProcess] Scheduler: Sending due task check-user-agents (scraping.tasks.check_user_agents)
[2025-04-09 13:34:31,383: INFO/MainProcess] Scheduler: Sending due task check-pending-tasks (scraping.tasks.check_pending_tasks)
[2025-04-09 13:35:31,383: INFO/MainProcess] Scheduler: Sending due task check-pending-tasks (scraping.tasks.check_pending_tasks)
[2025-04-09 13:36:31,383: INFO/MainProcess] Scheduler: Sending due task check-pending-tasks (scraping.tasks.check_pending_tasks)
[2025-04-09 13:37:31,383: INFO/MainProcess] Scheduler: Sending due task check-pending-tasks (scraping.tasks.check_pending_tasks)
[2025-04-09 13:38:31,383: INFO/MainProcess] Scheduler: Sending due task check-pending-tasks (scraping.tasks.check_pending_tasks)
[2025-04-09 13:39:30,411: INFO/MainProcess] Scheduler: Sending due task check-user-agents (scraping.tasks.check_user_agents)
[2025-04-09 13:39:31,383: INFO/MainProcess] Scheduler: Sending due task check-pending-tasks (scraping.tasks.check_pending_tasks)
[2025-04-09 13:40:31,383: INFO/MainProcess] Scheduler: Sending due task check-pending-tasks (scraping.tasks.check_pending_tasks)
[2025-04-09 13:41:31,383: INFO/MainProcess] Scheduler: Sending due task check-pending-tasks (scraping.tasks.check_pending_tasks)
[2025-04-09 13:42:31,383: INFO/MainProcess] Scheduler: Sending due task check-pending-tasks (scraping.tasks.check_pending_tasks)
[2025-04-09 13:43:31,386: INFO/MainProcess] Scheduler: Sending due task check-pending-tasks (scraping.tasks.check_pending_tasks)
[2025-04-09 13:44:30,411: INFO/MainProcess] Scheduler: Sending due task check-user-agents (scraping.tasks.check_user_agents)
[2025-04-09 13:44:31,399: INFO/MainProcess] Scheduler: Sending due task check-pending-tasks (scraping.tasks.check_pending_tasks)
[2025-04-09 13:45:31,399: INFO/MainProcess] Scheduler: Sending due task check-pending-tasks (scraping.tasks.check_pending_tasks)
[2025-04-09 13:46:31,411: INFO/MainProcess] Scheduler: Sending due task check-pending-tasks (scraping.tasks.check_pending_tasks)
[2025-04-09 13:47:31,416: INFO/MainProcess] Scheduler: Sending due task check-pending-tasks (scraping.tasks.check_pending_tasks)
[2025-04-09 13:48:31,416: INFO/MainProcess] Scheduler: Sending due task check-pending-tasks (scraping.tasks.check_pending_tasks)
[2025-04-09 13:49:30,411: INFO/MainProcess] Scheduler: Sending due task check-user-agents (scraping.tasks.check_user_agents)
[2025-04-09 13:49:31,416: INFO/MainProcess] Scheduler: Sending due task check-pending-tasks (scraping.tasks.check_pending_tasks)
[2025-04-09 13:50:31,432: INFO/MainProcess] Scheduler: Sending due task check-pending-tasks (scraping.tasks.check_pending_tasks)
[2025-04-09 13:51:31,475: INFO/MainProcess] Scheduler: Sending due task check-pending-tasks (scraping.tasks.check_pending_tasks)
[2025-04-09 13:52:31,475: INFO/MainProcess] Scheduler: Sending due task check-pending-tasks (scraping.tasks.check_pending_tasks)
[2025-04-09 13:53:31,497: INFO/MainProcess] Scheduler: Sending due task check-pending-tasks (scraping.tasks.check_pending_tasks)
[2025-04-09 13:54:30,411: INFO/MainProcess] Scheduler: Sending due task check-user-agents (scraping.tasks.check_user_agents)
[2025-04-09 13:54:31,497: INFO/MainProcess] Scheduler: Sending due task check-pending-tasks (scraping.tasks.check_pending_tasks)
[2025-04-09 13:55:31,497: INFO/MainProcess] Scheduler: Sending due task check-pending-tasks (scraping.tasks.check_pending_tasks)
[2025-04-09 13:56:31,537: INFO/MainProcess] Scheduler: Sending due task check-pending-tasks (scraping.tasks.check_pending_tasks)
[2025-04-09 13:57:31,595: INFO/MainProcess] Scheduler: Sending due task check-pending-tasks (scraping.tasks.check_pending_tasks)
[2025-04-09 13:58:31,595: INFO/MainProcess] Scheduler: Sending due task check-pending-tasks (scraping.tasks.check_pending_tasks)
[2025-04-09 13:59:30,411: INFO/MainProcess] Scheduler: Sending due task check-user-agents (scraping.tasks.check_user_agents)
[2025-04-09 13:59:31,628: INFO/MainProcess] Scheduler: Sending due task check-pending-tasks (scraping.tasks.check_pending_tasks)
[2025-04-09 14:00:31,655: INFO/MainProcess] Scheduler: Sending due task check-pending-tasks (scraping.tasks.check_pending_tasks)
[2025-04-09 14:01:31,666: INFO/MainProcess] Scheduler: Sending due task check-pending-tasks (scraping.tasks.check_pending_tasks)
[2025-04-09 14:02:31,695: INFO/MainProcess] Scheduler: Sending due task check-pending-tasks (scraping.tasks.check_pending_tasks)
[2025-04-09 14:03:00,945: INFO/MainProcess] Scheduler: Sending due task verify-celery-connection (scraping.tasks.verify_celery_connection)
[2025-04-09 14:03:31,757: INFO/MainProcess] Scheduler: Sending due task check-pending-tasks (scraping.tasks.check_pending_tasks)
[2025-04-09 14:04:30,980: INFO/MainProcess] Scheduler: Sending due task check-user-agents (scraping.tasks.check_user_agents)
[2025-04-09 14:04:31,758: INFO/MainProcess] Scheduler: Sending due task check-pending-tasks (scraping.tasks.check_pending_tasks)
[2025-04-09 14:05:31,758: INFO/MainProcess] Scheduler: Sending due task check-pending-tasks (scraping.tasks.check_pending_tasks)
[2025-04-09 14:06:32,121: INFO/MainProcess] Scheduler: Sending due task check-pending-tasks (scraping.tasks.check_pending_tasks)
[2025-04-09 14:07:32,121: INFO/MainProcess] Scheduler: Sending due task check-pending-tasks (scraping.tasks.check_pending_tasks)
[2025-04-09 14:08:32,121: INFO/MainProcess] Scheduler: Sending due task check-pending-tasks (scraping.tasks.check_pending_tasks)
[2025-04-09 14:09:30,980: INFO/MainProcess] Scheduler: Sending due task check-user-agents (scraping.tasks.check_user_agents)
[2025-04-09 14:09:32,121: INFO/MainProcess] Scheduler: Sending due task check-pending-tasks (scraping.tasks.check_pending_tasks)
[2025-04-09 14:10:32,121: INFO/MainProcess] Scheduler: Sending due task check-pending-tasks (scraping.tasks.check_pending_tasks)
[2025-04-09 14:11:32,121: INFO/MainProcess] Scheduler: Sending due task check-pending-tasks (scraping.tasks.check_pending_tasks)
[2025-04-09 14:12:32,121: INFO/MainProcess] Scheduler: Sending due task check-pending-tasks (scraping.tasks.check_pending_tasks)
[2025-04-09 14:13:32,121: INFO/MainProcess] Scheduler: Sending due task check-pending-tasks (scraping.tasks.check_pending_tasks)
[2025-04-09 14:14:30,980: INFO/MainProcess] Scheduler: Sending due task check-user-agents (scraping.tasks.check_user_agents)
[2025-04-09 14:14:32,121: INFO/MainProcess] Scheduler: Sending due task check-pending-tasks (scraping.tasks.check_pending_tasks)
[2025-04-09 14:15:32,121: INFO/MainProcess] Scheduler: Sending due task check-pending-tasks (scraping.tasks.check_pending_tasks)
[2025-04-09 14:16:32,122: INFO/MainProcess] Scheduler: Sending due task check-pending-tasks (scraping.tasks.check_pending_tasks)
[2025-04-09 14:17:32,122: INFO/MainProcess] Scheduler: Sending due task check-pending-tasks (scraping.tasks.check_pending_tasks)
[2025-04-09 14:18:32,122: INFO/MainProcess] Scheduler: Sending due task check-pending-tasks (scraping.tasks.check_pending_tasks)
[2025-04-09 14:19:30,980: INFO/MainProcess] Scheduler: Sending due task check-user-agents (scraping.tasks.check_user_agents)
[2025-04-09 14:19:32,122: INFO/MainProcess] Scheduler: Sending due task check-pending-tasks (scraping.tasks.check_pending_tasks)
[2025-04-09 14:20:32,122: INFO/MainProcess] Scheduler: Sending due task check-pending-tasks (scraping.tasks.check_pending_tasks)
[2025-04-09 14:21:32,122: INFO/MainProcess] Scheduler: Sending due task check-pending-tasks (scraping.tasks.check_pending_tasks)
[2025-04-09 14:22:32,122: INFO/MainProcess] Scheduler: Sending due task check-pending-tasks (scraping.tasks.check_pending_tasks)
[2025-04-09 14:23:32,122: INFO/MainProcess] Scheduler: Sending due task check-pending-tasks (scraping.tasks.check_pending_tasks)
[2025-04-09 14:24:30,980: INFO/MainProcess] Scheduler: Sending due task check-user-agents (scraping.tasks.check_user_agents)
[2025-04-09 14:24:32,122: INFO/MainProcess] Scheduler: Sending due task check-pending-tasks (scraping.tasks.check_pending_tasks)
[2025-04-09 14:25:32,122: INFO/MainProcess] Scheduler: Sending due task check-pending-tasks (scraping.tasks.check_pending_tasks)
[2025-04-09 14:26:32,122: INFO/MainProcess] Scheduler: Sending due task check-pending-tasks (scraping.tasks.check_pending_tasks)
[2025-04-09 14:27:32,122: INFO/MainProcess] Scheduler: Sending due task check-pending-tasks (scraping.tasks.check_pending_tasks)
[2025-04-09 14:28:32,122: INFO/MainProcess] Scheduler: Sending due task check-pending-tasks (scraping.tasks.check_pending_tasks)
[2025-04-09 14:29:30,980: INFO/MainProcess] Scheduler: Sending due task check-user-agents (scraping.tasks.check_user_agents)
[2025-04-09 14:29:32,122: INFO/MainProcess] Scheduler: Sending due task check-pending-tasks (scraping.tasks.check_pending_tasks)
[2025-04-09 14:30:32,122: INFO/MainProcess] Scheduler: Sending due task check-pending-tasks (scraping.tasks.check_pending_tasks)
[2025-04-09 14:31:32,122: INFO/MainProcess] Scheduler: Sending due task check-pending-tasks (scraping.tasks.check_pending_tasks)
[2025-04-09 14:32:32,122: INFO/MainProcess] Scheduler: Sending due task check-pending-tasks (scraping.tasks.check_pending_tasks)
[2025-04-09 14:33:32,122: INFO/MainProcess] Scheduler: Sending due task check-pending-tasks (scraping.tasks.check_pending_tasks)
[2025-04-09 14:34:30,983: INFO/MainProcess] Scheduler: Sending due task check-user-agents (scraping.tasks.check_user_agents)
[2025-04-09 14:34:32,122: INFO/MainProcess] Scheduler: Sending due task check-pending-tasks (scraping.tasks.check_pending_tasks)
[2025-04-09 14:35:32,122: INFO/MainProcess] Scheduler: Sending due task check-pending-tasks (scraping.tasks.check_pending_tasks)
[2025-04-09 14:36:32,122: INFO/MainProcess] Scheduler: Sending due task check-pending-tasks (scraping.tasks.check_pending_tasks)
[2025-04-09 14:37:32,122: INFO/MainProcess] Scheduler: Sending due task check-pending-tasks (scraping.tasks.check_pending_tasks)
[2025-04-09 14:38:32,123: INFO/MainProcess] Scheduler: Sending due task check-pending-tasks (scraping.tasks.check_pending_tasks)
[2025-04-09 14:39:30,984: INFO/MainProcess] Scheduler: Sending due task check-user-agents (scraping.tasks.check_user_agents)
[2025-04-09 14:39:32,123: INFO/MainProcess] Scheduler: Sending due task check-pending-tasks (scraping.tasks.check_pending_tasks)
[2025-04-09 14:40:32,123: INFO/MainProcess] Scheduler: Sending due task check-pending-tasks (scraping.tasks.check_pending_tasks)
[2025-04-09 14:41:32,123: INFO/MainProcess] Scheduler: Sending due task check-pending-tasks (scraping.tasks.check_pending_tasks)
[2025-04-09 14:42:32,149: INFO/MainProcess] Scheduler: Sending due task check-pending-tasks (scraping.tasks.check_pending_tasks)
[2025-04-09 14:43:32,149: INFO/MainProcess] Scheduler: Sending due task check-pending-tasks (scraping.tasks.check_pending_tasks)
[2025-04-09 14:44:30,984: INFO/MainProcess] Scheduler: Sending due task check-user-agents (scraping.tasks.check_user_agents)
[2025-04-09 14:44:32,149: INFO/MainProcess] Scheduler: Sending due task check-pending-tasks (scraping.tasks.check_pending_tasks)
[2025-04-09 14:45:32,149: INFO/MainProcess] Scheduler: Sending due task check-pending-tasks (scraping.tasks.check_pending_tasks)
[2025-04-09 14:46:32,150: INFO/MainProcess] Scheduler: Sending due task check-pending-tasks (scraping.tasks.check_pending_tasks)
[2025-04-09 14:47:32,150: INFO/MainProcess] Scheduler: Sending due task check-pending-tasks (scraping.tasks.check_pending_tasks)
[2025-04-09 14:48:32,150: INFO/MainProcess] Scheduler: Sending due task check-pending-tasks (scraping.tasks.check_pending_tasks)
[2025-04-09 14:49:30,984: INFO/MainProcess] Scheduler: Sending due task check-user-agents (scraping.tasks.check_user_agents)
[2025-04-09 14:49:32,150: INFO/MainProcess] Scheduler: Sending due task check-pending-tasks (scraping.tasks.check_pending_tasks)
[2025-04-09 14:50:32,150: INFO/MainProcess] Scheduler: Sending due task check-pending-tasks (scraping.tasks.check_pending_tasks)
[2025-04-09 14:51:32,150: INFO/MainProcess] Scheduler: Sending due task check-pending-tasks (scraping.tasks.check_pending_tasks)
[2025-04-09 14:52:32,150: INFO/MainProcess] Scheduler: Sending due task check-pending-tasks (scraping.tasks.check_pending_tasks)
[2025-04-09 14:53:32,150: INFO/MainProcess] Scheduler: Sending due task check-pending-tasks (scraping.tasks.check_pending_tasks)
[2025-04-09 14:54:30,984: INFO/MainProcess] Scheduler: Sending due task check-user-agents (scraping.tasks.check_user_agents)
[2025-04-09 14:54:32,150: INFO/MainProcess] Scheduler: Sending due task check-pending-tasks (scraping.tasks.check_pending_tasks)
[2025-04-09 14:55:32,150: INFO/MainProcess] Scheduler: Sending due task check-pending-tasks (scraping.tasks.check_pending_tasks)
[2025-04-09 14:56:32,150: INFO/MainProcess] Scheduler: Sending due task check-pending-tasks (scraping.tasks.check_pending_tasks)
[2025-04-09 14:57:32,150: INFO/MainProcess] Scheduler: Sending due task check-pending-tasks (scraping.tasks.check_pending_tasks)
[2025-04-09 14:58:32,150: INFO/MainProcess] Scheduler: Sending due task check-pending-tasks (scraping.tasks.check_pending_tasks)
[2025-04-09 14:59:30,984: INFO/MainProcess] Scheduler: Sending due task check-user-agents (scraping.tasks.check_user_agents)
[2025-04-09 14:59:32,150: INFO/MainProcess] Scheduler: Sending due task check-pending-tasks (scraping.tasks.check_pending_tasks)
[2025-04-09 15:00:32,150: INFO/MainProcess] Scheduler: Sending due task check-pending-tasks (scraping.tasks.check_pending_tasks)
[2025-04-09 15:01:32,150: INFO/MainProcess] Scheduler: Sending due task check-pending-tasks (scraping.tasks.check_pending_tasks)
[2025-04-09 15:02:32,150: INFO/MainProcess] Scheduler: Sending due task check-pending-tasks (scraping.tasks.check_pending_tasks)
[2025-04-09 15:03:00,945: INFO/MainProcess] Scheduler: Sending due task verify-celery-connection (scraping.tasks.verify_celery_connection)
[2025-04-09 15:03:32,150: INFO/MainProcess] Scheduler: Sending due task check-pending-tasks (scraping.tasks.check_pending_tasks)
[2025-04-09 15:04:30,984: INFO/MainProcess] Scheduler: Sending due task check-user-agents (scraping.tasks.check_user_agents)
[2025-04-09 15:04:32,150: INFO/MainProcess] Scheduler: Sending due task check-pending-tasks (scraping.tasks.check_pending_tasks)
[2025-04-09 15:05:32,150: INFO/MainProcess] Scheduler: Sending due task check-pending-tasks (scraping.tasks.check_pending_tasks)
[2025-04-09 15:06:32,150: INFO/MainProcess] Scheduler: Sending due task check-pending-tasks (scraping.tasks.check_pending_tasks)
[2025-04-09 15:07:32,150: INFO/MainProcess] Scheduler: Sending due task check-pending-tasks (scraping.tasks.check_pending_tasks)
[2025-04-09 15:08:32,150: INFO/MainProcess] Scheduler: Sending due task check-pending-tasks (scraping.tasks.check_pending_tasks)
[2025-04-09 15:09:30,984: INFO/MainProcess] Scheduler: Sending due task check-user-agents (scraping.tasks.check_user_agents)
[2025-04-09 15:09:32,150: INFO/MainProcess] Scheduler: Sending due task check-pending-tasks (scraping.tasks.check_pending_tasks)
[2025-04-09 15:10:32,150: INFO/MainProcess] Scheduler: Sending due task check-pending-tasks (scraping.tasks.check_pending_tasks)
[2025-04-09 15:11:32,150: INFO/MainProcess] Scheduler: Sending due task check-pending-tasks (scraping.tasks.check_pending_tasks)
[2025-04-09 15:12:32,151: INFO/MainProcess] Scheduler: Sending due task check-pending-tasks (scraping.tasks.check_pending_tasks)
[2025-04-09 15:13:32,151: INFO/MainProcess] Scheduler: Sending due task check-pending-tasks (scraping.tasks.check_pending_tasks)
[2025-04-09 15:14:30,984: INFO/MainProcess] Scheduler: Sending due task check-user-agents (scraping.tasks.check_user_agents)
[2025-04-09 15:14:32,151: INFO/MainProcess] Scheduler: Sending due task check-pending-tasks (scraping.tasks.check_pending_tasks)
[2025-04-09 15:15:32,151: INFO/MainProcess] Scheduler: Sending due task check-pending-tasks (scraping.tasks.check_pending_tasks)
[2025-04-09 15:16:32,151: INFO/MainProcess] Scheduler: Sending due task check-pending-tasks (scraping.tasks.check_pending_tasks)
[2025-04-09 15:17:32,151: INFO/MainProcess] Scheduler: Sending due task check-pending-tasks (scraping.tasks.check_pending_tasks)
[2025-04-09 15:18:32,151: INFO/MainProcess] Scheduler: Sending due task check-pending-tasks (scraping.tasks.check_pending_tasks)
[2025-04-09 15:19:30,984: INFO/MainProcess] Scheduler: Sending due task check-user-agents (scraping.tasks.check_user_agents)
[2025-04-09 15:19:32,151: INFO/MainProcess] Scheduler: Sending due task check-pending-tasks (scraping.tasks.check_pending_tasks)
[2025-04-09 15:20:32,151: INFO/MainProcess] Scheduler: Sending due task check-pending-tasks (scraping.tasks.check_pending_tasks)
[2025-04-09 15:21:32,151: INFO/MainProcess] Scheduler: Sending due task check-pending-tasks (scraping.tasks.check_pending_tasks)
[2025-04-09 15:22:32,152: INFO/MainProcess] Scheduler: Sending due task check-pending-tasks (scraping.tasks.check_pending_tasks)
[2025-04-09 15:23:32,152: INFO/MainProcess] Scheduler: Sending due task check-pending-tasks (scraping.tasks.check_pending_tasks)
[2025-04-09 15:24:30,984: INFO/MainProcess] Scheduler: Sending due task check-user-agents (scraping.tasks.check_user_agents)
[2025-04-09 15:24:32,153: INFO/MainProcess] Scheduler: Sending due task check-pending-tasks (scraping.tasks.check_pending_tasks)
[2025-04-09 15:25:32,152: INFO/MainProcess] Scheduler: Sending due task check-pending-tasks (scraping.tasks.check_pending_tasks)
[2025-04-09 15:26:26,900: INFO/MainProcess] beat: Starting...
[2025-04-09 15:26:32,157: INFO/MainProcess] Scheduler: Sending due task check-pending-tasks (scraping.tasks.check_pending_tasks)
[2025-04-09 15:58:34,681: INFO/MainProcess] beat: Starting...
[2025-04-09 15:58:35,049: INFO/MainProcess] Scheduler: Sending due task check-user-agents (scraping.tasks.check_user_agents)
[2025-04-09 15:58:35,165: INFO/MainProcess] Scheduler: Sending due task check-pending-tasks (scraping.tasks.check_pending_tasks)
[2025-04-09 15:59:35,165: INFO/MainProcess] Scheduler: Sending due task check-pending-tasks (scraping.tasks.check_pending_tasks)
[2025-04-09 16:00:35,227: INFO/MainProcess] Scheduler: Sending due task check-pending-tasks (scraping.tasks.check_pending_tasks)
[2025-04-09 16:01:35,228: INFO/MainProcess] Scheduler: Sending due task check-pending-tasks (scraping.tasks.check_pending_tasks)
[2025-04-09 16:02:35,228: INFO/MainProcess] Scheduler: Sending due task check-pending-tasks (scraping.tasks.check_pending_tasks)
[2025-04-09 16:03:00,997: INFO/MainProcess] Scheduler: Sending due task verify-celery-connection (scraping.tasks.verify_celery_connection)
[2025-04-09 16:03:35,044: INFO/MainProcess] Scheduler: Sending due task check-user-agents (scraping.tasks.check_user_agents)
[2025-04-09 16:03:35,229: INFO/MainProcess] Scheduler: Sending due task check-pending-tasks (scraping.tasks.check_pending_tasks)
[2025-04-09 16:04:35,262: INFO/MainProcess] Scheduler: Sending due task check-pending-tasks (scraping.tasks.check_pending_tasks)
[2025-04-09 16:05:35,305: INFO/MainProcess] Scheduler: Sending due task check-pending-tasks (scraping.tasks.check_pending_tasks)
[2025-04-09 16:06:35,379: INFO/MainProcess] Scheduler: Sending due task check-pending-tasks (scraping.tasks.check_pending_tasks)
[2025-04-09 16:07:35,387: INFO/MainProcess] Scheduler: Sending due task check-pending-tasks (scraping.tasks.check_pending_tasks)
[2025-04-09 16:08:35,084: INFO/MainProcess] Scheduler: Sending due task check-user-agents (scraping.tasks.check_user_agents)
[2025-04-09 16:08:35,387: INFO/MainProcess] Scheduler: Sending due task check-pending-tasks (scraping.tasks.check_pending_tasks)
[2025-04-09 16:09:35,439: INFO/MainProcess] Scheduler: Sending due task check-pending-tasks (scraping.tasks.check_pending_tasks)
[2025-04-09 16:10:35,467: INFO/MainProcess] Scheduler: Sending due task check-pending-tasks (scraping.tasks.check_pending_tasks)
[2025-04-09 16:11:35,468: INFO/MainProcess] Scheduler: Sending due task check-pending-tasks (scraping.tasks.check_pending_tasks)
[2025-04-09 16:12:35,468: INFO/MainProcess] Scheduler: Sending due task check-pending-tasks (scraping.tasks.check_pending_tasks)
[2025-04-09 16:13:35,085: INFO/MainProcess] Scheduler: Sending due task check-user-agents (scraping.tasks.check_user_agents)
[2025-04-09 16:13:35,468: INFO/MainProcess] Scheduler: Sending due task check-pending-tasks (scraping.tasks.check_pending_tasks)
[2025-04-09 16:14:35,517: INFO/MainProcess] Scheduler: Sending due task check-pending-tasks (scraping.tasks.check_pending_tasks)
[2025-04-09 16:15:35,518: INFO/MainProcess] Scheduler: Sending due task check-pending-tasks (scraping.tasks.check_pending_tasks)
[2025-04-09 16:16:35,518: INFO/MainProcess] Scheduler: Sending due task check-pending-tasks (scraping.tasks.check_pending_tasks)
[2025-04-09 16:17:35,518: INFO/MainProcess] Scheduler: Sending due task check-pending-tasks (scraping.tasks.check_pending_tasks)
[2025-04-09 16:18:35,085: INFO/MainProcess] Scheduler: Sending due task check-user-agents (scraping.tasks.check_user_agents)
[2025-04-09 16:18:35,519: INFO/MainProcess] Scheduler: Sending due task check-pending-tasks (scraping.tasks.check_pending_tasks)
[2025-04-09 16:19:35,519: INFO/MainProcess] Scheduler: Sending due task check-pending-tasks (scraping.tasks.check_pending_tasks)
[2025-04-09 16:20:35,519: INFO/MainProcess] Scheduler: Sending due task check-pending-tasks (scraping.tasks.check_pending_tasks)
[2025-04-09 16:21:35,519: INFO/MainProcess] Scheduler: Sending due task check-pending-tasks (scraping.tasks.check_pending_tasks)
[2025-04-09 16:22:35,519: INFO/MainProcess] Scheduler: Sending due task check-pending-tasks (scraping.tasks.check_pending_tasks)
[2025-04-09 16:23:35,085: INFO/MainProcess] Scheduler: Sending due task check-user-agents (scraping.tasks.check_user_agents)
[2025-04-09 16:23:35,519: INFO/MainProcess] Scheduler: Sending due task check-pending-tasks (scraping.tasks.check_pending_tasks)
[2025-04-09 16:24:35,520: INFO/MainProcess] Scheduler: Sending due task check-pending-tasks (scraping.tasks.check_pending_tasks)
[2025-04-09 16:25:35,520: INFO/MainProcess] Scheduler: Sending due task check-pending-tasks (scraping.tasks.check_pending_tasks)
[2025-04-09 16:26:35,520: INFO/MainProcess] Scheduler: Sending due task check-pending-tasks (scraping.tasks.check_pending_tasks)
[2025-04-09 16:27:35,520: INFO/MainProcess] Scheduler: Sending due task check-pending-tasks (scraping.tasks.check_pending_tasks)
[2025-04-09 16:28:35,085: INFO/MainProcess] Scheduler: Sending due task check-user-agents (scraping.tasks.check_user_agents)
[2025-04-09 16:28:35,520: INFO/MainProcess] Scheduler: Sending due task check-pending-tasks (scraping.tasks.check_pending_tasks)
[2025-04-09 16:29:35,520: INFO/MainProcess] Scheduler: Sending due task check-pending-tasks (scraping.tasks.check_pending_tasks)
[2025-04-09 16:30:35,520: INFO/MainProcess] Scheduler: Sending due task check-pending-tasks (scraping.tasks.check_pending_tasks)
[2025-04-09 16:31:35,521: INFO/MainProcess] Scheduler: Sending due task check-pending-tasks (scraping.tasks.check_pending_tasks)
[2025-04-09 16:32:35,521: INFO/MainProcess] Scheduler: Sending due task check-pending-tasks (scraping.tasks.check_pending_tasks)
[2025-04-09 16:33:35,085: INFO/MainProcess] Scheduler: Sending due task check-user-agents (scraping.tasks.check_user_agents)
[2025-04-09 16:33:35,521: INFO/MainProcess] Scheduler: Sending due task check-pending-tasks (scraping.tasks.check_pending_tasks)
[2025-04-09 16:34:35,521: INFO/MainProcess] Scheduler: Sending due task check-pending-tasks (scraping.tasks.check_pending_tasks)
[2025-04-09 16:35:35,522: INFO/MainProcess] Scheduler: Sending due task check-pending-tasks (scraping.tasks.check_pending_tasks)
[2025-04-09 16:36:35,522: INFO/MainProcess] Scheduler: Sending due task check-pending-tasks (scraping.tasks.check_pending_tasks)
[2025-04-09 16:37:35,532: INFO/MainProcess] Scheduler: Sending due task check-pending-tasks (scraping.tasks.check_pending_tasks)
[2025-04-09 16:38:35,085: INFO/MainProcess] Scheduler: Sending due task check-user-agents (scraping.tasks.check_user_agents)
[2025-04-09 16:38:35,532: INFO/MainProcess] Scheduler: Sending due task check-pending-tasks (scraping.tasks.check_pending_tasks)
[2025-04-09 16:39:35,532: INFO/MainProcess] Scheduler: Sending due task check-pending-tasks (scraping.tasks.check_pending_tasks)
[2025-04-09 16:40:35,532: INFO/MainProcess] Scheduler: Sending due task check-pending-tasks (scraping.tasks.check_pending_tasks)
[2025-04-09 16:41:35,532: INFO/MainProcess] Scheduler: Sending due task check-pending-tasks (scraping.tasks.check_pending_tasks)
[2025-04-09 16:42:35,532: INFO/MainProcess] Scheduler: Sending due task check-pending-tasks (scraping.tasks.check_pending_tasks)
[2025-04-09 16:43:35,086: INFO/MainProcess] Scheduler: Sending due task check-user-agents (scraping.tasks.check_user_agents)
[2025-04-09 16:43:35,547: INFO/MainProcess] Scheduler: Sending due task check-pending-tasks (scraping.tasks.check_pending_tasks)
[2025-04-09 16:44:35,547: INFO/MainProcess] Scheduler: Sending due task check-pending-tasks (scraping.tasks.check_pending_tasks)
[2025-04-09 16:45:35,548: INFO/MainProcess] Scheduler: Sending due task check-pending-tasks (scraping.tasks.check_pending_tasks)
[2025-04-09 16:46:35,548: INFO/MainProcess] Scheduler: Sending due task check-pending-tasks (scraping.tasks.check_pending_tasks)
[2025-04-09 16:47:35,548: INFO/MainProcess] Scheduler: Sending due task check-pending-tasks (scraping.tasks.check_pending_tasks)
[2025-04-09 16:48:35,086: INFO/MainProcess] Scheduler: Sending due task check-user-agents (scraping.tasks.check_user_agents)
[2025-04-09 16:48:35,548: INFO/MainProcess] Scheduler: Sending due task check-pending-tasks (scraping.tasks.check_pending_tasks)
[2025-04-09 16:49:35,559: INFO/MainProcess] Scheduler: Sending due task check-pending-tasks (scraping.tasks.check_pending_tasks)
[2025-04-09 16:50:35,559: INFO/MainProcess] Scheduler: Sending due task check-pending-tasks (scraping.tasks.check_pending_tasks)
[2025-04-09 16:51:35,559: INFO/MainProcess] Scheduler: Sending due task check-pending-tasks (scraping.tasks.check_pending_tasks)
[2025-04-09 16:52:35,560: INFO/MainProcess] Scheduler: Sending due task check-pending-tasks (scraping.tasks.check_pending_tasks)
[2025-04-09 16:53:35,086: INFO/MainProcess] Scheduler: Sending due task check-user-agents (scraping.tasks.check_user_agents)
[2025-04-09 16:53:35,561: INFO/MainProcess] Scheduler: Sending due task check-pending-tasks (scraping.tasks.check_pending_tasks)
[2025-04-09 16:54:35,562: INFO/MainProcess] Scheduler: Sending due task check-pending-tasks (scraping.tasks.check_pending_tasks)
[2025-04-09 16:55:35,562: INFO/MainProcess] Scheduler: Sending due task check-pending-tasks (scraping.tasks.check_pending_tasks)
[2025-04-09 16:56:35,562: INFO/MainProcess] Scheduler: Sending due task check-pending-tasks (scraping.tasks.check_pending_tasks)
[2025-04-09 16:57:35,562: INFO/MainProcess] Scheduler: Sending due task check-pending-tasks (scraping.tasks.check_pending_tasks)
[2025-04-09 16:58:35,086: INFO/MainProcess] Scheduler: Sending due task check-user-agents (scraping.tasks.check_user_agents)
[2025-04-09 16:58:35,562: INFO/MainProcess] Scheduler: Sending due task check-pending-tasks (scraping.tasks.check_pending_tasks)
[2025-04-09 16:59:35,562: INFO/MainProcess] Scheduler: Sending due task check-pending-tasks (scraping.tasks.check_pending_tasks)
[2025-04-09 17:00:35,562: INFO/MainProcess] Scheduler: Sending due task check-pending-tasks (scraping.tasks.check_pending_tasks)
[2025-04-09 17:01:40,404: INFO/MainProcess] beat: Starting...
[2025-04-09 17:01:40,728: INFO/MainProcess] Scheduler: Sending due task check-pending-tasks (scraping.tasks.check_pending_tasks)
[2025-04-09 17:02:40,725: INFO/MainProcess] Scheduler: Sending due task check-pending-tasks (scraping.tasks.check_pending_tasks)
[2025-04-09 17:03:00,997: INFO/MainProcess] Scheduler: Sending due task verify-celery-connection (scraping.tasks.verify_celery_connection)
[2025-04-09 17:03:35,086: INFO/MainProcess] Scheduler: Sending due task check-user-agents (scraping.tasks.check_user_agents)
[2025-04-09 17:03:40,725: INFO/MainProcess] Scheduler: Sending due task check-pending-tasks (scraping.tasks.check_pending_tasks)
[2025-04-09 17:04:40,725: INFO/MainProcess] Scheduler: Sending due task check-pending-tasks (scraping.tasks.check_pending_tasks)
[2025-04-09 17:07:02,083: INFO/MainProcess] beat: Starting...
[2025-04-09 17:07:03,185: INFO/MainProcess] Scheduler: Sending due task check-pending-tasks (scraping.tasks.check_pending_tasks)
[2025-04-09 17:08:03,177: INFO/MainProcess] Scheduler: Sending due task check-pending-tasks (scraping.tasks.check_pending_tasks)
[2025-04-09 17:08:35,086: INFO/MainProcess] Scheduler: Sending due task check-user-agents (scraping.tasks.check_user_agents)
[2025-04-09 17:09:03,177: INFO/MainProcess] Scheduler: Sending due task check-pending-tasks (scraping.tasks.check_pending_tasks)
[2025-04-09 17:10:03,177: INFO/MainProcess] Scheduler: Sending due task check-pending-tasks (scraping.tasks.check_pending_tasks)
[2025-04-09 17:11:03,177: INFO/MainProcess] Scheduler: Sending due task check-pending-tasks (scraping.tasks.check_pending_tasks)
[2025-04-09 17:12:03,177: INFO/MainProcess] Scheduler: Sending due task check-pending-tasks (scraping.tasks.check_pending_tasks)
[2025-04-09 17:13:03,177: INFO/MainProcess] Scheduler: Sending due task check-pending-tasks (scraping.tasks.check_pending_tasks)
[2025-04-09 17:13:35,086: INFO/MainProcess] Scheduler: Sending due task check-user-agents (scraping.tasks.check_user_agents)
[2025-04-09 17:14:03,177: INFO/MainProcess] Scheduler: Sending due task check-pending-tasks (scraping.tasks.check_pending_tasks)
[2025-04-09 17:15:03,187: INFO/MainProcess] Scheduler: Sending due task check-pending-tasks (scraping.tasks.check_pending_tasks)
[2025-04-09 17:16:03,187: INFO/MainProcess] Scheduler: Sending due task check-pending-tasks (scraping.tasks.check_pending_tasks)
[2025-04-09 17:17:29,796: INFO/MainProcess] beat: Starting...
[2025-04-09 17:17:30,109: INFO/MainProcess] Scheduler: Sending due task check-pending-tasks (scraping.tasks.check_pending_tasks)
[2025-04-09 17:18:30,107: INFO/MainProcess] Scheduler: Sending due task check-pending-tasks (scraping.tasks.check_pending_tasks)
[2025-04-09 17:18:35,086: INFO/MainProcess] Scheduler: Sending due task check-user-agents (scraping.tasks.check_user_agents)
[2025-04-09 17:19:30,107: INFO/MainProcess] Scheduler: Sending due task check-pending-tasks (scraping.tasks.check_pending_tasks)
[2025-04-09 17:20:30,107: INFO/MainProcess] Scheduler: Sending due task check-pending-tasks (scraping.tasks.check_pending_tasks)
[2025-04-09 17:21:54,027: INFO/MainProcess] beat: Starting...
[2025-04-09 17:21:54,286: INFO/MainProcess] Scheduler: Sending due task check-pending-tasks (scraping.tasks.check_pending_tasks)
[2025-04-09 17:22:54,283: INFO/MainProcess] Scheduler: Sending due task check-pending-tasks (scraping.tasks.check_pending_tasks)
[2025-04-09 17:23:35,086: INFO/MainProcess] Scheduler: Sending due task check-user-agents (scraping.tasks.check_user_agents)
[2025-04-09 17:23:54,283: INFO/MainProcess] Scheduler: Sending due task check-pending-tasks (scraping.tasks.check_pending_tasks)
[2025-04-09 17:24:54,283: INFO/MainProcess] Scheduler: Sending due task check-pending-tasks (scraping.tasks.check_pending_tasks)
[2025-04-09 17:25:54,283: INFO/MainProcess] Scheduler: Sending due task check-pending-tasks (scraping.tasks.check_pending_tasks)
[2025-04-09 17:26:54,284: INFO/MainProcess] Scheduler: Sending due task check-pending-tasks (scraping.tasks.check_pending_tasks)
[2025-04-09 17:27:54,284: INFO/MainProcess] Scheduler: Sending due task check-pending-tasks (scraping.tasks.check_pending_tasks)
[2025-04-09 17:28:33,301: INFO/MainProcess] beat: Starting...
[2025-04-09 17:28:35,089: INFO/MainProcess] Scheduler: Sending due task check-user-agents (scraping.tasks.check_user_agents)
[2025-04-09 17:28:54,284: INFO/MainProcess] Scheduler: Sending due task check-pending-tasks (scraping.tasks.check_pending_tasks)
[2025-04-12 08:46:33,467: INFO/MainProcess] beat: Starting...
[2025-04-12 08:46:33,902: INFO/MainProcess] Scheduler: Sending due task cleanup-old-tasks (scraping.tasks.cleanup_old_tasks)
[2025-04-12 08:46:34,076: INFO/MainProcess] Scheduler: Sending due task check-user-agents (scraping.tasks.check_user_agents)
[2025-04-12 08:46:34,079: INFO/MainProcess] Scheduler: Sending due task verify-celery-connection (scraping.tasks.verify_celery_connection)
[2025-04-12 08:46:34,082: INFO/MainProcess] Scheduler: Sending due task check-pending-tasks (scraping.tasks.check_pending_tasks)
[2025-04-12 08:47:34,082: INFO/MainProcess] Scheduler: Sending due task check-pending-tasks (scraping.tasks.check_pending_tasks)
[2025-04-12 08:48:34,082: INFO/MainProcess] Scheduler: Sending due task check-pending-tasks (scraping.tasks.check_pending_tasks)
[2025-04-12 08:57:02,043: INFO/MainProcess] beat: Starting...
[2025-04-12 08:57:02,230: INFO/MainProcess] Scheduler: Sending due task check-user-agents (scraping.tasks.check_user_agents)
[2025-04-12 08:57:02,268: INFO/MainProcess] Scheduler: Sending due task check-pending-tasks (scraping.tasks.check_pending_tasks)
